<?xml version="1.0" encoding="UTF-8"?>
<!-- Generated by org.testng.reporters.JUnitXMLReporter -->
<testsuite ignored="0" hostname="DESKTOP-4BBKNFN" failures="1" tests="2" name="Errorvalidatation Test" time="27.488" errors="0" timestamp="2024-10-15T23:47:35 IST">
  <testcase classname="ecommerce.tests.ErrorValidation" name="loginpgErrorValidation" time="1.687">
    <failure type="java.lang.AssertionError" message="expected [Incorrectemail or password.] but found [Incorrect email or password.]">
      <![CDATA[java.lang.AssertionError: expected [Incorrectemail or password.] but found [Incorrect email or password.]
at ecommerce.tests.ErrorValidation.loginpgErrorValidation(ErrorValidation.java:22)
at java.base/java.util.ArrayList.forEach(ArrayList.java:1596)
at java.base/java.util.concurrent.FutureTask.run(FutureTask.java:317)
at java.base/java.util.concurrent.ThreadPoolExecutor.runWorker(ThreadPoolExecutor.java:1144)
at java.base/java.util.concurrent.ThreadPoolExecutor$Worker.run(ThreadPoolExecutor.java:642)
at java.base/java.lang.Thread.run(Thread.java:1583)
... Removed 21 stack frames]]>
    </failure>
  </testcase> <!-- loginpgErrorValidation -->
  <testcase classname="ecommerce.tests.ErrorValidation" name="submitOrderErrorValidation" time="7.838"/>
</testsuite> <!-- Errorvalidatation Test -->
